\BOOKMARK [0][-]{section*.1}{\315ndice general}{}% 1
\BOOKMARK [0][-]{section*.2}{\315ndice de figuras}{}% 2
\BOOKMARK [0][-]{section*.3}{\315ndice de tablas}{}% 3
\BOOKMARK [0][-]{chapter*.4}{Introducci\363n}{}% 4
\BOOKMARK [0][-]{chapter*.7}{Objetivos del proyecto}{}% 5
\BOOKMARK [1][-]{section.2.1}{Objetivos generales}{chapter*.7}% 6
\BOOKMARK [1][-]{section.2.2}{Objetivos t\351cnicos}{chapter*.7}% 7
\BOOKMARK [1][-]{section.2.3}{Objetivos personales}{chapter*.7}% 8
\BOOKMARK [0][-]{chapter*.8}{Conceptos te\363ricos}{}% 9
\BOOKMARK [1][-]{section.3.1}{.NET Framework}{chapter*.8}% 10
\BOOKMARK [1][-]{section.3.2}{Base de datos}{chapter*.8}% 11
\BOOKMARK [1][-]{section.3.3}{Comunicaci\363n Serie}{chapter*.8}% 12
\BOOKMARK [1][-]{section.3.4}{Planta piloto}{chapter*.8}% 13
\BOOKMARK [1][-]{section.3.5}{SCADA}{chapter*.8}% 14
\BOOKMARK [1][-]{section.3.6}{Entorno de desarrollo integrado \(IDE\)}{chapter*.8}% 15
\BOOKMARK [0][-]{chapter*.15}{T\351cnicas y herramientas}{}% 16
\BOOKMARK [1][-]{section.4.1}{Metodolog\355a}{chapter*.15}% 17
\BOOKMARK [1][-]{section.4.2}{Patrones de dise\361o}{chapter*.15}% 18
\BOOKMARK [1][-]{section.4.3}{Control de versiones}{chapter*.15}% 19
\BOOKMARK [1][-]{section.4.4}{Hosting de repositorio}{chapter*.15}% 20
\BOOKMARK [1][-]{section.4.5}{Gesti\363n del proyecto }{chapter*.15}% 21
\BOOKMARK [1][-]{section.4.6}{Entorno de desarrollo integrado \(IDE\)}{chapter*.15}% 22
\BOOKMARK [1][-]{section.4.7}{Comunicaci\363n}{chapter*.15}% 23
\BOOKMARK [1][-]{section.4.8}{Documentaci\363n}{chapter*.15}% 24
\BOOKMARK [1][-]{section.4.9}{Test}{chapter*.15}% 25
\BOOKMARK [1][-]{section.4.10}{Otras herramientas}{chapter*.15}% 26
\BOOKMARK [1][-]{section.4.11}{Base de datos}{chapter*.15}% 27
\BOOKMARK [1][-]{section.4.12}{Editores}{chapter*.15}% 28
\BOOKMARK [0][-]{chapter*.34}{Aspectos relevantes del desarrollo del proyecto}{}% 29
\BOOKMARK [1][-]{section.5.1}{Idea e inicio del proyecto}{chapter*.34}% 30
\BOOKMARK [1][-]{section.5.2}{Formaci\363n}{chapter*.34}% 31
\BOOKMARK [1][-]{section.5.3}{Desarrollo de la interfaz y la internacionalizaci\363n}{chapter*.34}% 32
\BOOKMARK [1][-]{section.5.4}{Desarrollo de la comunicaci\363n a trav\351s del puerto serie}{chapter*.34}% 33
\BOOKMARK [1][-]{section.5.5}{Desarrollo de la comunicaci\363n con la base de datos}{chapter*.34}% 34
\BOOKMARK [1][-]{section.5.6}{Control de excepciones}{chapter*.34}% 35
\BOOKMARK [1][-]{section.5.7}{Pruebas}{chapter*.34}% 36
\BOOKMARK [0][-]{chapter*.39}{Descripci\363n de la herramienta}{}% 37
\BOOKMARK [1][-]{section.6.1}{Descripci\363n}{chapter*.39}% 38
\BOOKMARK [1][-]{section.6.2}{Funcionalidad}{chapter*.39}% 39
\BOOKMARK [1][-]{section.6.3}{Caracter\355sticas}{chapter*.39}% 40
\BOOKMARK [0][-]{chapter*.50}{Trabajos relacionados}{}% 41
\BOOKMARK [1][-]{section.7.1}{Primera versi\363n}{chapter*.50}% 42
\BOOKMARK [1][-]{section.7.2}{Segunda versi\363n}{chapter*.50}% 43
\BOOKMARK [0][-]{chapter*.51}{Conclusiones y l\355neas de trabajo futuras}{}% 44
\BOOKMARK [1][-]{section.8.1}{Conclusiones}{chapter*.51}% 45
\BOOKMARK [1][-]{section.8.2}{L\355neas de trabajo futuras}{chapter*.51}% 46
\BOOKMARK [0][-]{chapter*.59}{Bibliograf\355a}{}% 47
